activemodel,4.0.0
activesupport,4.0.0
builder,3.1.0
activesupport,4.0.0
i18n,0.6.4
minitest,4.2
multi_json,1.3
thread_safe,0.1
tzinfo,0.3.37
ast,1.1.0
atomic,1.1.14
aws-sdk,1.44.0
json,1.4
nokogiri,1.4.4
blobstore_client,1.2751.0
aws-sdk,1.44.0
bosh_common,1.2751.0
fog,1.23.0
httpclient,2.4.0
multi_json,1.1
ruby-atmos-pure,1.0.5
blue-shell,0.2.2
rspec,
bosh-template,1.2751.0
semi_semantic,1.1.0
bosh_cli,1.2751.0
blobstore_client,1.2751.0
bosh-template,1.2751.0
bosh_common,1.2751.0
highline,1.6.2
httpclient,2.4.0
json_pure,1.7
minitar,0.5.4
net-scp,1.1.0
net-ssh,2.2.1
net-ssh-gateway,1.2.0
netaddr,1.5.0
progressbar,0.9.0
terminal-table,1.4.3
bosh_common,1.2751.0
semi_semantic,1.1.0
bson,1.11.1
bson_ext,1.11.1
bson,1.11.1
builder,3.1.4
capybara,2.4.4
mime-types,1.16
nokogiri,1.3.3
rack,1.0.0
rack-test,0.5.4
xpath,2.0
cf-uaa-lib,2.0.0
multi_json,
cfoundry,4.5.3
activemodel,3.2.13
cf-uaa-lib,2.0.0
multi_json,1.7
multipart-post,1.1
rubyzip,0.9
ci_reporter,2.0.0
builder,2.1.2
cliver,0.3.2
coderay,1.1.0
diff-lcs,1.2.5
docile,1.1.1
dotenv,0.9.0
excon,0.40.0
faraday,0.9.0
multipart-post,1.2
faraday_middleware,0.9.1
faraday,0.7.4
fog,1.23.0
fog-brightbox,
fog-core,1.23
fog-json,
fog-softlayer,
ipaddress,0.5
nokogiri,1.5.11
fog-brightbox,0.6.1
fog-core,1.22
fog-json,
inflecto,
fog-core,1.24.0
builder,
excon,0.38
formatador,0.2
mime-types,
net-scp,1.1
net-ssh,2.1.3
fog-json,1.0.0
multi_json,1.0
fog-softlayer,0.3.23
fog-core,
fog-json,
foreman,0.63.0
dotenv,0.7
thor,0.13.6
formatador,0.2.5
highline,1.6.21
httmultiparty,0.3.16
httparty,0.7.3
mimemagic,
multipart-post,
httparty,0.13.1
json,1.8
multi_xml,0.5.2
httpclient,2.4.0
hula,0.1.11
i18n,0.6.5
inflecto,0.0.2
ipaddress,0.8.0
json,1.8.1
json_pure,1.8.1
kgio,2.9.3
log4r,1.1.10
method_source,0.8.2
mime-types,2.1
mimemagic,0.2.1
mini_portile,0.6.0
minitar,0.5.4
minitest,4.3.3
mongo,1.11.1
bson,1.11.1
multi_json,1.8.4
multi_xml,0.5.5
multipart-post,1.2.0
net-scp,1.1.2
net-ssh,2.6.5
net-ssh,2.9.1
net-ssh-gateway,1.2.0
net-ssh,2.6.5
netaddr,1.5.0
nokogiri,1.6.3.1
mini_portile,0.6.0
parser,2.1.4
ast,1.1
slop,3.4.5
poltergeist,1.5.1
capybara,2.1
cliver,0.3.1
multi_json,1.0
websocket-driver,0.2.0
powerpack,0.0.9
prof,0.6.5
bosh_cli,1.2534
capybara,
ci_reporter,
faraday,
faraday_middleware,
httmultiparty,
hula,0.1.6
net-ssh-gateway,
poltergeist,
pry,
rspec,
rspec_junit_formatter,
tempest-client,0.5.1
progressbar,0.9.2
pry,0.10.0
coderay,1.1.0
method_source,0.8.1
slop,3.4
rack,1.6.0
rack-protection,1.5.1
rack,
rack-test,0.6.2
rack,1.0
rainbow,2.0.0
raindrops,0.13.0
rake,10.1.1
rspec,2.99.0.beta1
rspec-core,2.99.0.beta1
rspec-expectations,2.99.0.beta1
rspec-mocks,2.99.0.beta1
rspec-core,2.99.0.beta1
rspec-expectations,2.99.0.beta1
diff-lcs,1.1.3
rspec-mocks,2.99.0.beta1
rspec_junit_formatter,0.2.0
builder,4
rspec,2
rubocop,0.18.0
json,1.7.7
parser,2.1.3
powerpack,0.0.6
rainbow,1.99.1
ruby-atmos-pure,1.0.5
log4r,1.1.9
ruby-hmac,0.4.0
ruby-hmac,0.4.0
rubyzip,0.9.9
semi_semantic,1.1.0
simplecov,0.8.2
docile,1.1.0
multi_json,
simplecov-html,0.8.0
simplecov-html,0.8.0
sinatra,1.4.4
rack,1.4
rack-protection,1.4
tilt,1.3.4
slop,3.4.7
tempest-client,0.5.1
httmultiparty,0.3
terminal-table,1.4.5
thor,0.18.1
thread_safe,0.1.3
atomic,
tilt,1.4.1
tzinfo,0.3.38
unicorn,4.8.3
kgio,2.6
rack,
raindrops,0.7
websocket-driver,0.3.5
xpath,2.0.0
nokogiri,1.3
