CFPropertyList,2.3.0
activemodel,4.1.11
activesupport,4.1.11
builder,3.1
activesupport,4.1.11
i18n,0.6.9
json,1.7.7
minitest,5.1
thread_safe,0.1
tzinfo,1.1
addressable,2.3.6
allowy,1.0.0
activesupport,3.2
i18n,
ast,2.0.0
astrolabe,1.3.0
parser,2.2.0.pre.3
awesome_print,1.2.0
backports,3.6.4
beefcake,1.0.0
builder,3.2.2
byebug,4.0.5
columnize,0.9.0
cf-message-bus,0.3.3
eventmachine,1.0.0
nats,0.5.0.beta.16
vcap-concurrency,
yajl-ruby,
clockwork,1.1.0
activesupport,
tzinfo,
cloudfront-signer,2.1.1
codeclimate-test-reporter,0.4.2
simplecov,0.7.1
coderay,1.1.0
columnize,0.9.0
cookiejar,0.3.0
crack,0.4.2
safe_yaml,1.0.0
daemons,1.1.9
delayed_job,4.0.4
activesupport,3.0
diff-lcs,1.2.5
docile,1.1.5
em-http-request,1.1.2
addressable,2.3.4
cookiejar,
em-socksify,0.3
eventmachine,1.0.3
em-socksify,0.3.0
eventmachine,1.0.0.beta.4
eventmachine,1.0.3
excon,0.44.1
fakefs,0.6.0
fission,0.5.0
CFPropertyList,2.2
fluent-logger,0.4.9
msgpack,0.4.4
yajl-ruby,1.0
fog,1.27.0
fog-atmos,
fog-aws,0.0
fog-brightbox,0.4
fog-core,1.27.3
fog-ecloud,
fog-json,
fog-profitbricks,
fog-radosgw,0.0.2
fog-sakuracloud,0.0.4
fog-serverlove,
fog-softlayer,
fog-storm_on_demand,
fog-terremark,
fog-vmfusion,
fog-voxel,
fog-xml,0.1.1
ipaddress,0.5
nokogiri,1.5.11
fog-atmos,0.1.0
fog-core,
fog-xml,
fog-aws,0.1.0
fog-core,1.27
fog-json,1.0
fog-xml,0.1
ipaddress,0.8
fog-brightbox,0.7.1
fog-core,1.22
fog-json,
inflecto,0.0.2
fog-core,1.28.0
builder,
excon,0.38
formatador,0.2
mime-types,
net-scp,1.1
net-ssh,2.1.3
fog-ecloud,0.0.2
fog-core,
fog-xml,
fog-json,1.0.0
multi_json,1.0
fog-profitbricks,0.0.1
fog-core,
fog-xml,
nokogiri,
fog-radosgw,0.0.3
fog-core,1.21.0
fog-json,
fog-xml,0.0.1
fog-sakuracloud,1.0.0
fog-core,
fog-json,
fog-serverlove,0.1.1
fog-core,
fog-json,
fog-softlayer,0.4.0
fog-core,
fog-json,
fog-storm_on_demand,0.1.0
fog-core,
fog-json,
fog-terremark,0.0.3
fog-core,
fog-xml,
fog-vmfusion,0.0.1
fission,
fog-core,
fog-voxel,0.0.2
fog-core,
fog-xml,
fog-xml,0.1.1
fog-core,
nokogiri,1.5.11
formatador,0.2.5
httpclient,2.5.3.3
i18n,0.7.0
inflecto,0.0.2
ipaddress,0.8.0
json,1.8.3
json_pure,1.8.1
loggregator_emitter,4.0.0
beefcake,1.0.0
machinist,1.0.6
membrane,1.1.0
method_source,0.8.2
mime-types,2.4.3
mini_portile,0.6.2
minitest,5.7.0
msgpack,0.5.9
multi_json,1.11.0
multipart-post,2.0.0
mustache,0.99.8
mysql2,0.3.13
nats,0.5.0.beta.16
daemons,1.1.9
eventmachine,1.0.3
json_pure,1.8.1
thin,1.6.3
net-scp,1.2.1
net-ssh,2.6.5
net-ssh,2.9.2
netaddr,1.5.0
newrelic_rpm,3.12.0.288
nokogiri,1.6.6.2
mini_portile,0.6.0
parallel,1.3.3
parallel_tests,1.0.7
parallel,
parser,2.2.0.1
ast,1.1
slop,3.4.5
pg,0.16.0
posix-spawn,0.3.9
powerpack,0.0.9
pry,0.10.1
coderay,1.1.0
method_source,0.8.1
slop,3.4
pry-byebug,3.1.0
byebug,4.0
pry,0.10
rack,1.5.4
rack-protection,1.5.3
rack,
rack-test,0.6.2
rack,1.0
rainbow,2.0.0
rake,10.4.2
rfc822,0.1.5
roodi,4.0.0
ruby_parser,3.2.2
rspec,3.1.0
rspec-core,3.1.0
rspec-expectations,3.1.0
rspec-mocks,3.1.0
rspec-collection_matchers,1.1.2
rspec-expectations,2.99.0.beta1
rspec-core,3.1.7
rspec-support,3.1.0
rspec-expectations,3.1.2
diff-lcs,1.2.0
rspec-support,3.1.0
rspec-instafail,0.2.5
rspec,
rspec-its,1.1.0
rspec-core,3.0.0
rspec-expectations,3.0.0
rspec-mocks,3.1.3
rspec-support,3.1.0
rspec-support,3.1.2
rubocop,0.28.0
astrolabe,1.3
parser,2.2.0.pre.7
powerpack,0.0.6
rainbow,1.99.1
ruby-progressbar,1.4
ruby-progressbar,1.7.1
ruby_parser,3.6.3
sexp_processor,4.1
safe_yaml,1.0.4
sequel,4.21.0
sexp_processor,4.4.4
simplecov,0.9.1
docile,1.1.0
multi_json,1.0
simplecov-html,0.8.0
simplecov-html,0.8.0
sinatra,1.4.5
rack,1.4
rack-protection,1.4
tilt,1.3.4
sinatra-contrib,1.4.2
backports,2.0
multi_json,
rack-protection,
rack-test,
sinatra,1.4.0
tilt,1.3
slop,3.6.0
squash_ruby,2.0.0
json,
statsd-ruby,1.2.1
steno,1.2.4
fluent-logger,
yajl-ruby,1.0
thin,1.6.3
daemons,1.0.9
eventmachine,1.0
rack,1.0
thread_safe,0.3.5
tilt,1.4.1
timecop,0.7.1
tzinfo,1.2.2
thread_safe,0.1
unf,0.1.4
unf_ext,
unf_ext,0.0.6
uuidtools,2.1.5
vcap_common,4.0.2
addressable,2.2
cookiejar,0.3.0
em-http-request,1.0
eventmachine,
httpclient,
membrane,1.0
mime-types,
multipart-post,
nats,0.5.0.beta.12
posix-spawn,0.3.6
squash_ruby,
steno,
thin,
uuidtools,
vmstat,2.0
yajl-ruby,
vmstat,2.1.0
webmock,1.20.4
addressable,2.3.6
crack,0.3.2
yajl-ruby,1.2.1
