activemodel,4.0.1
activesupport,4.0.1
builder,3.1.0
activesupport,4.0.1
i18n,0.6.4
minitest,4.2
multi_json,1.3
thread_safe,0.1
tzinfo,0.3.37
ast,1.1.0
atomic,1.1.14
aws-sdk,1.8.5
json,1.4
nokogiri,1.4.4
uuidtools,2.1
blobstore_client,1.5.0.pre.1657
aws-sdk,1.8.5
bosh_common,1.5.0.pre.1657
fog,1.14.0
httpclient,2.2.4
multi_json,1.1
ruby-atmos-pure,1.0.5
blue-shell,0.2.2
rspec,
bosh-registry,1.5.0.pre.1525
aws-sdk,1.8.5
fog,1.14.0
sequel,3.43.0
sinatra,1.4.2
thin,1.5.0
yajl-ruby,1.1.0
bosh_aws_cpi,1.5.0.pre.1525
aws-sdk,1.8.5
bosh-registry,1.5.0.pre.1525
bosh_common,1.5.0.pre.1525
bosh_cpi,1.5.0.pre.1525
httpclient,2.2.4
yajl-ruby,0.8.2
bosh_cli,1.5.0.pre.1657
blobstore_client,1.5.0.pre.1657
bosh_common,1.5.0.pre.1657
highline,1.6.2
httpclient,2.2.4
json_pure,1.7
minitar,0.5.4
net-scp,1.1.0
net-ssh,2.2.1
net-ssh-gateway,1.1.0
netaddr,1.5.0
progressbar,0.9.0
terminal-table,1.4.3
bosh_common,1.5.0.pre.1657
bosh_cpi,1.5.0.pre.1657
bosh_common,1.5.0.pre.1657
builder,3.1.4
cf-uaa-lib,2.0.0
multi_json,
cfoundry,4.6.2
activemodel,3.2.13
cf-uaa-lib,2.0.0
multi_json,1.7
multipart-post,1.1
rubyzip,0.9
coderay,1.1.0
daemons,1.1.9
diff-lcs,1.2.5
docile,1.1.1
erubis,2.7.0
eventmachine,1.0.3
excon,0.25.3
faraday,0.9.0
multipart-post,1.2
faraday_middleware,0.9.1
faraday,0.7.4
fog,1.14.0
builder,
excon,0.25.0
formatador,0.2.0
mime-types,
multi_json,1.0
net-scp,1.1
net-ssh,2.1.3
nokogiri,1.5
ruby-hmac,
formatador,0.2.4
gibberish,1.2.2
highline,1.6.21
httparty,0.12.0
json,1.8
multi_xml,0.5.2
httpclient,2.2.4
i18n,0.6.5
json,1.8.1
json_pure,1.8.1
kgio,2.9.3
log4r,1.1.10
method_source,0.8.2
mime-types,2.2
mini_portile,0.5.3
minitar,0.5.4
minitest,4.7.5
multi_json,1.9.2
multi_xml,0.5.5
multipart-post,1.2.0
neography,1.0.8
httparty,0.8.1
json,1.6.0
multi_json,1.3.2
os,0.9.6
rubyzip,0.9.7
net-scp,1.1.2
net-ssh,2.6.5
net-ssh,2.8.0
net-ssh-gateway,1.1.0
net-ssh,1.99.1
netaddr,1.5.0
nokogiri,1.6.1
mini_portile,0.5.0
os,0.9.6
parser,2.1.4
ast,1.1
slop,3.4.5
peach,0.5.1
powerpack,0.0.9
progressbar,0.9.2
pry,0.10.0
coderay,1.1.0
method_source,0.8.1
slop,3.4
rack,1.6.0
rack-protection,1.5.1
rack,
rack-test,0.6.2
rack,1.0
rainbow,2.0.0
raindrops,0.13.0
rake,10.1.0
rspec,2.99.0.beta1
rspec-core,2.99.0.beta1
rspec-expectations,2.99.0.beta1
rspec-mocks,2.99.0.beta1
rspec-core,2.99.0.beta1
rspec-expectations,2.99.0.beta1
diff-lcs,1.1.3
rspec-mocks,2.99.0.beta1
rubocop,0.18.0
json,1.7.7
parser,2.1.3
powerpack,0.0.6
rainbow,1.99.1
ruby-atmos-pure,1.0.5
log4r,1.1.9
ruby-hmac,0.4.0
ruby-hmac,0.4.0
rubyzip,0.9.9
sequel,3.43.0
simplecov,0.8.2
docile,1.1.0
multi_json,
simplecov-html,0.8.0
simplecov-html,0.8.0
sinatra,1.4.4
rack,1.4
rack-protection,1.4
tilt,1.3.4
slop,3.4.7
syslogger,1.6.0
terminal-table,1.4.5
thin,1.5.1
daemons,1.0.9
eventmachine,0.12.6
rack,1.0.0
thread_safe,0.1.3
atomic,
tilt,1.4.1
tzinfo,0.3.38
unicorn,4.9.0
kgio,2.6
rack,
raindrops,0.7
uuidtools,2.1.4
yajl-ruby,1.1.0
