activesupport,4.1.10
i18n,0.6.9
json,1.7.7
minitest,5.1
thread_safe,0.1
tzinfo,1.1
addressable,2.3.7
aws-sdk,1.60.2
aws-sdk-v1,1.60.2
aws-sdk-v1,1.60.2
json,1.4
nokogiri,1.4.4
blobstore_client,1.2818.0
aws-sdk,1.60.2
bosh_common,1.2818.0
fog,1.23.0
httpclient,2.4.0
multi_json,1.1
ruby-atmos-pure,1.0.5
bosh-template,1.2818.0
semi_semantic,1.1.0
bosh_cli,1.2818.0
blobstore_client,1.2818.0
bosh-template,1.2818.0
bosh_common,1.2818.0
highline,1.6.2
httpclient,2.4.0
json_pure,1.7
minitar,0.5.4
net-scp,1.1.0
net-ssh,2.2.1
net-ssh-gateway,1.2.0
netaddr,1.5.0
progressbar,0.9.0
terminal-table,1.4.3
bosh_common,1.2818.0
logging,1.8.2
semi_semantic,1.1.0
builder,3.2.2
byebug,4.0.3
columnize,0.9.0
columnize,0.9.0
crack,0.4.2
safe_yaml,1.0.0
diff-lcs,1.2.5
excon,0.44.4
filesize,0.0.4
fog,1.23.0
fog-brightbox,
fog-core,1.23
fog-json,
fog-softlayer,
ipaddress,0.5
nokogiri,1.5.11
fog-brightbox,0.7.1
fog-core,1.22
fog-json,
inflecto,0.0.2
fog-core,1.29.0
builder,
excon,0.38
formatador,0.2
mime-types,
net-scp,1.1
net-ssh,2.1.3
fog-json,1.0.0
multi_json,1.0
fog-softlayer,0.4.1
fog-core,
fog-json,
formatador,0.2.5
highline,1.6.21
httpclient,2.4.0
i18n,0.7.0
inflecto,0.0.2
ipaddress,0.8.0
json,1.8.2
json_pure,1.8.2
little-plugger,1.1.3
log4r,1.1.10
logging,1.8.2
little-plugger,1.1.3
multi_json,1.8.4
mime-types,2.4.3
mini_portile,0.6.2
minitar,0.5.4
minitest,5.5.1
multi_json,1.11.0
multipart-post,2.0.0
net-scp,1.1.2
net-ssh,2.6.5
net-ssh,2.9.2
net-ssh-gateway,1.2.0
net-ssh,2.6.5
netaddr,1.5.0
nokogiri,1.6.6.2
mini_portile,0.6.0
open4,1.3.4
progressbar,0.9.2
rack,1.6.0
rack-protection,1.5.3
rack,
rake,10.4.2
rbvmomi,1.6.0
builder,
nokogiri,1.4.1
trollop,
rspec,3.2.0
rspec-core,3.2.0
rspec-expectations,3.2.0
rspec-mocks,3.2.0
rspec-core,3.2.2
rspec-support,3.2.0
rspec-expectations,3.2.0
diff-lcs,1.2.0
rspec-support,3.2.0
rspec-mocks,3.2.1
diff-lcs,1.2.0
rspec-support,3.2.0
rspec-support,3.2.2
ruby-atmos-pure,1.0.5
log4r,1.1.9
ruby-hmac,0.4.0
ruby-hmac,0.4.0
rubyzip,1.1.7
safe_yaml,1.0.4
semi_semantic,1.1.0
sinatra,1.4.6
rack,1.4
rack-protection,1.4
tilt,1.3
terminal-table,1.4.5
thor,0.19.1
thread_safe,0.3.5
tilt,2.0.1
trollop,2.1.2
tzinfo,1.2.2
thread_safe,0.1
webmock,1.20.4
addressable,2.3.6
crack,0.3.2
