CFPropertyList,2.3.1
actionmailer,4.2.3
actionpack,4.2.3
actionview,4.2.3
activejob,4.2.3
mail,2.5.4
rails-dom-testing,1.0.5
actionpack,4.2.3
actionview,4.2.3
activesupport,4.2.3
rack,1.6
rack-test,0.6.2
rails-dom-testing,1.0.5
rails-html-sanitizer,1.0.2
actionview,4.2.3
activesupport,4.2.3
builder,3.1
erubis,2.7.0
rails-dom-testing,1.0.5
rails-html-sanitizer,1.0.2
active_attr,0.8.5
activemodel,3.0.2
activesupport,3.0.2
activejob,4.2.3
activesupport,4.2.3
globalid,0.3.0
activemodel,4.2.3
activesupport,4.2.3
builder,3.1
activerecord,4.2.3
activemodel,4.2.3
activesupport,4.2.3
arel,6.0
activesupport,4.2.3
i18n,0.7
json,1.7.7
minitest,5.1
thread_safe,0.3.4
tzinfo,1.1
addressable,2.3.8
arel,6.0.2
ast,2.0.0
astrolabe,1.3.1
parser,2.2
aws-sdk-v1,1.64.0
json,1.4
nokogiri,1.4.4
bcrypt,3.1.10
binding_of_caller,0.7.2
debug_inspector,0.0.1
builder,3.2.2
capybara,2.4.4
mime-types,1.16
nokogiri,1.3.3
rack,1.0.0
rack-test,0.5.4
xpath,2.0
capybara-webkit,1.6.0
capybara,2.3.0
json,
celluloid,0.16.0
timers,4.0.0
celluloid-io,0.16.2
celluloid,0.16.0
nio4r,1.1.0
childprocess,0.5.6
ffi,1.0.11
chosen-rails,1.4.2
coffee-rails,3.2
compass-rails,2.0.4
railties,3.0
sass-rails,3.2
chunky_png,1.3.4
codeclimate-test-reporter,0.4.7
simplecov,0.7.1
coderay,1.1.0
coffee-rails,4.1.0
coffee-script,2.2.0
railties,4.0.0
coffee-script,2.4.1
coffee-script-source,
execjs,
coffee-script-source,1.9.1.1
compass,1.0.3
chunky_png,1.2
compass-core,1.0.2
compass-import-once,1.0.5
rb-fsevent,0.9.3
rb-inotify,0.9
sass,3.3.13
compass-core,1.0.3
multi_json,1.0
sass,3.3.0
compass-import-once,1.0.5
sass,3.2
compass-rails,2.0.4
compass,1.0.0
sass-rails,5.0.1
sprockets,2.13
crack,0.4.2
safe_yaml,1.0.0
daemons,1.2.3
debase,0.1.8
debase-ruby_core_source,
debase-ruby_core_source,0.7.9
debug_inspector,0.0.2
diff-lcs,1.2.5
docile,1.1.5
domain_name,0.5.24
unf,0.0.5
dotenv,2.0.2
dotenv-rails,2.0.2
dotenv,2.0.2
railties,4.0
erubis,2.7.0
eventmachine,1.0.7
excon,0.45.4
execjs,2.5.2
factory_girl,4.5.0
activesupport,3.0.0
factory_girl_rails,4.5.0
factory_girl,4.5.0
railties,3.0.0
ffi,1.9.10
fission,0.5.0
CFPropertyList,2.2
fog,1.31.0
fog-atmos,
fog-aws,0.0
fog-brightbox,0.4
fog-core,1.30
fog-ecloud,
fog-google,0.0.2
fog-json,
fog-local,
fog-powerdns,0.1.1
fog-profitbricks,
fog-radosgw,0.0.2
fog-riakcs,
fog-sakuracloud,0.0.4
fog-serverlove,
fog-softlayer,
fog-storm_on_demand,
fog-terremark,
fog-vmfusion,
fog-voxel,
fog-xml,0.1.1
ipaddress,0.5
nokogiri,1.5.11
fog-atmos,0.1.0
fog-core,
fog-xml,
fog-aws,0.7.3
fog-core,1.27
fog-json,1.0
fog-xml,0.1
ipaddress,0.8
fog-brightbox,0.8.0
fog-core,1.22
fog-json,
inflecto,0.0.2
fog-core,1.32.0
builder,
excon,0.45
formatador,0.2
mime-types,
net-scp,1.1
net-ssh,2.1.3
fog-ecloud,0.3.0
fog-core,
fog-xml,
fog-google,0.0.7
fog-core,
fog-json,
fog-xml,
fog-json,1.0.2
fog-core,1.0
multi_json,1.10
fog-local,0.2.1
fog-core,1.27
fog-powerdns,0.1.1
fog-core,1.27
fog-json,1.0
fog-xml,0.1
fog-profitbricks,0.0.3
fog-core,
fog-xml,
nokogiri,
fog-radosgw,0.0.4
fog-core,1.21.0
fog-json,
fog-xml,0.0.1
fog-riakcs,0.1.0
fog-core,
fog-json,
fog-xml,
fog-sakuracloud,1.0.1
fog-core,
fog-json,
fog-serverlove,0.1.2
fog-core,
fog-json,
fog-softlayer,0.4.7
fog-core,
fog-json,
fog-storm_on_demand,0.1.1
fog-core,
fog-json,
fog-terremark,0.1.0
fog-core,
fog-xml,
fog-vmfusion,0.1.0
fission,
fog-core,
fog-voxel,0.1.0
fog-core,
fog-xml,
fog-xml,0.1.2
fog-core,
nokogiri,1.5.11
font-awesome-sass,4.3.2.1
sass,3.2
formatador,0.2.5
globalid,0.3.5
activesupport,4.1.0
haml,4.0.6
tilt,
hike,1.2.3
hitimes,1.2.2
http-cookie,1.0.2
domain_name,0.5
httpclient,2.6.0.1
i18n,0.7.0
inflecto,0.0.2
ipaddress,0.8.0
jasmine,2.3.0
jasmine-core,2.3
phantomjs,
rack,1.2.1
rake,
jasmine-core,2.3.4
jquery-rails,4.0.4
rails-dom-testing,1.0
railties,4.2.0
thor,0.14
json,1.8.3
loofah,2.0.2
nokogiri,1.5.9
mail,2.6.3
mime-types,1.16
membrane,1.1.0
method_source,0.8.2
mime-types,2.6.1
mini_portile,0.6.2
minitest,5.7.0
multi_json,1.11.2
mustache,0.99.8
mysql2,0.3.18
net-ldap,0.11
net-ntp,2.1.3
net-scp,1.2.1
net-ssh,2.6.5
net-ssh,2.9.2
netaddr,1.5.0
netrc,0.10.3
nio4r,1.1.0
nokogiri,1.6.6.2
mini_portile,0.6.0
ops_manager_ui_drivers,0.9.9
capybara,
capybara-webkit,
selenium-webdriver,
parallel,1.6.0
parallel_tests,1.5.1
parallel,
parser,2.2.2.6
ast,1.1
pg,0.18.2
phantomjs,1.9.8.0
powerpack,0.1.1
pry,0.10.1
coderay,1.1.0
method_source,0.8.1
slop,3.4
pry-rails,0.3.4
pry,0.9.10
quiet_assets,1.1.0
railties,3.1
rack,1.6.4
rack-protection,1.5.3
rack,
rack-test,0.6.3
rack,1.0
raddocs,0.4.0
haml,4.0.4
json,1.8.1
sinatra,1.3.0
rails,4.2.3
actionmailer,4.2.3
actionpack,4.2.3
actionview,4.2.3
activejob,4.2.3
activemodel,4.2.3
activerecord,4.2.3
activesupport,4.2.3
bundler,1.3.0
railties,4.2.3
sprockets-rails,
rails-deprecated_sanitizer,1.0.3
activesupport,4.2.0.alpha
rails-dom-testing,1.0.6
activesupport,4.2.0.beta
nokogiri,1.6.0
rails-deprecated_sanitizer,1.0.1
rails-html-sanitizer,1.0.2
loofah,2.0
railties,4.2.3
actionpack,4.2.3
activesupport,4.2.3
rake,0.8.7
thor,0.18.1
rainbow,2.0.0
rake,10.4.2
rb-fsevent,0.9.5
rb-inotify,0.9.5
ffi,0.5.0
rbvmomi,1.8.2
builder,
nokogiri,1.4.1
trollop,
recursive-open-struct,0.5.0
responders,2.1.0
railties,4.2.0
rest-client,1.8.0
http-cookie,1.0.2
mime-types,1.16
netrc,0.7
rspec,3.3.0
rspec-core,3.3.0
rspec-expectations,3.3.0
rspec-mocks,3.3.0
rspec-core,3.3.2
rspec-support,3.3.0
rspec-expectations,3.3.1
diff-lcs,1.2.0
rspec-support,3.3.0
rspec-html-matchers,0.7.0
nokogiri,1
rspec,3
rspec-instafail,0.2.6
rspec,
rspec-mocks,3.3.2
diff-lcs,1.2.0
rspec-support,3.3.0
rspec-rails,3.3.3
actionpack,3.0
activesupport,3.0
railties,3.0
rspec-core,3.3.0
rspec-expectations,3.3.0
rspec-mocks,3.3.0
rspec-support,3.3.0
rspec-support,3.3.0
rspec_api_documentation,4.4.0
activesupport,3.0.0
json,1.4.6
mustache,0.99.4
rspec,3.0.0
rubocop,0.32.1
astrolabe,1.3
parser,2.2.2.5
powerpack,0.1
rainbow,1.99.1
ruby-progressbar,1.4
ruby-debug-ide,0.4.32
rake,0.8.1
ruby-prof,0.15.8
ruby-progressbar,1.7.5
ruby_vcloud_sdk,0.7.2
builder,3.1
httpclient,2.4.0
netaddr,
nokogiri,1.5.6
rest-client,1.6.7
rubydns,1.0.1
celluloid,0.16.0
celluloid-io,0.16.2
timers,4.0.1
rubyzip,1.1.7
safe_yaml,1.0.4
sass,3.4.16
sass-rails,5.0.1
railties,4.0.0
sass,3.1
sprockets,2.8
sprockets-rails,2.0
tilt,1.1
selenium-webdriver,2.46.2
childprocess,0.5
multi_json,1.0
rubyzip,1.0
websocket,1.0
shoulda-matchers,2.8.0
activesupport,3.0.0
simplecov,0.10.0
docile,1.1.0
json,1.8
simplecov-html,0.10.0
simplecov-html,0.10.0
sinatra,1.4.6
rack,1.4
rack-protection,1.4
tilt,1.3
slop,3.6.0
sprockets,2.12.4
hike,1.2
multi_json,1.0
rack,1.0
tilt,1.1
sprockets-rails,2.3.2
actionpack,3.0
activesupport,3.0
sprockets,2.8
thin,1.6.3
daemons,1.0.9
eventmachine,1.0
rack,1.0
thor,0.19.1
thread_safe,0.3.5
tilt,1.4.1
timers,4.0.1
hitimes,
trollop,2.1.2
tzinfo,1.2.2
thread_safe,0.1
unf,0.1.4
unf_ext,
unf_ext,0.0.7.1
unix-crypt,1.3.0
values,1.8.0
web-console,2.2.1
activemodel,4.0
binding_of_caller,0.7.2
railties,4.0
sprockets-rails,2.0
webmock,1.21.0
addressable,2.3.6
crack,0.3.2
websocket,1.2.2
xpath,2.0.0
nokogiri,1.3
xray,1.1
