capybara,2.4.3
mime-types,1.16
nokogiri,1.3.3
rack,1.0.0
rack-test,0.5.4
xpath,2.0
celluloid,0.15.2
timers,1.1.0
childprocess,0.5.3
ffi,1.0.11
cliver,0.3.2
coderay,1.1.0
daemons,1.1.9
diff-lcs,1.2.5
equivalent-xml,0.5.1
nokogiri,1.4.3
faraday,0.9.0
multipart-post,1.2
ffi,1.9.3
formatador,0.2.5
guard,2.6.1
formatador,0.2.4
listen,2.7
lumberjack,1.0
pry,0.9.12
thor,0.18.1
guard-rspec,4.2.10
guard,2.1
rspec,2.14
httparty,0.13.1
json,1.8
multi_xml,0.5.2
json,1.8.1
listen,2.7.9
celluloid,0.15.2
rb-fsevent,0.9.3
rb-inotify,0.9
lumberjack,1.0.9
method_source,0.8.2
mime-types,2.3
mini_portile,0.6.0
multi_json,1.10.1
multi_xml,0.5.5
multipart-post,2.0.0
nokogiri,1.6.3.1
mini_portile,0.6.0
poltergeist,1.5.1
capybara,2.1
cliver,0.3.1
multi_json,1.0
websocket-driver,0.2.0
pry,0.9.12.6
coderay,1.0
method_source,0.8
slop,3.4
rack,1.5.2
rack-test,0.6.2
rack,1.0
rb-fsevent,0.9.4
rb-inotify,0.9.5
ffi,0.5.0
rspec,2.14.1
rspec-core,2.14.0
rspec-expectations,2.14.0
rspec-mocks,2.14.0
rspec-core,2.14.8
rspec-expectations,2.14.5
diff-lcs,1.1.3
rspec-mocks,2.14.6
slop,3.5.0
sshkey,1.6.1
thor,0.19.1
timers,1.1.0
websocket-driver,0.3.4
xpath,2.0.0
nokogiri,1.3
