CFPropertyList,2.3.1
amq-protocol,1.9.2
aws-sdk,1.60.2
aws-sdk-v1,1.60.2
aws-sdk-v1,1.60.2
json,1.4
nokogiri,1.4.4
blobstore_client,1.2891.0
aws-sdk,1.60.2
bosh_common,1.2891.0
fog,1.27.0
httpclient,2.4.0
multi_json,1.1
ruby-atmos-pure,1.0.5
bosh-template,1.2891.0
semi_semantic,1.1.0
bosh_cli,1.2891.0
blobstore_client,1.2891.0
bosh-template,1.2891.0
bosh_common,1.2891.0
highline,1.6.2
httpclient,2.4.0
json_pure,1.7
minitar,0.5.4
net-scp,1.1.0
net-ssh,2.2.1
net-ssh-gateway,1.2.0
netaddr,1.5.0
progressbar,0.9.0
terminal-table,1.4.3
bosh_common,1.2891.0
logging,1.8.2
semi_semantic,1.1.0
builder,3.2.2
bunny,1.6.3
amq-protocol,1.9.2
capybara,2.4.4
mime-types,1.16
nokogiri,1.3.3
rack,1.0.0
rack-test,0.5.4
xpath,2.0
capybara-webkit,1.6.0
capybara,2.3.0
json,
cf-uaa-lib,3.1.0
multi_json,
ci_reporter,2.0.0
builder,2.1.2
cliver,0.3.2
coderay,1.1.0
continuous_configuration,0.5.1
diffy,
nokogiri,
diff-lcs,1.2.5
diffy,3.0.7
dock_it,0.3.0
domain_name,0.5.24
unf,0.0.5
effin_utf8,1.0
excon,0.45.3
faraday,0.9.1
multipart-post,1.2
faraday_middleware,0.9.1
faraday,0.7.4
fetch_artefact,0.5.1
aws-sdk,
fission,0.5.0
CFPropertyList,2.2
fog,1.27.0
fog-atmos,
fog-aws,0.0
fog-brightbox,0.4
fog-core,1.27.3
fog-ecloud,
fog-json,
fog-profitbricks,
fog-radosgw,0.0.2
fog-sakuracloud,0.0.4
fog-serverlove,
fog-softlayer,
fog-storm_on_demand,
fog-terremark,
fog-vmfusion,
fog-voxel,
fog-xml,0.1.1
ipaddress,0.5
nokogiri,1.5.11
fog-atmos,0.1.0
fog-core,
fog-xml,
fog-aws,0.6.0
fog-core,1.27
fog-json,1.0
fog-xml,0.1
ipaddress,0.8
fog-brightbox,0.7.2
fog-core,1.22
fog-json,
inflecto,0.0.2
fog-core,1.31.1
builder,
excon,0.45
formatador,0.2
mime-types,
net-scp,1.1
net-ssh,2.1.3
fog-ecloud,0.3.0
fog-core,
fog-xml,
fog-json,1.0.1
fog-core,1.0
multi_json,1.0
fog-profitbricks,0.0.3
fog-core,
fog-xml,
nokogiri,
fog-radosgw,0.0.4
fog-core,1.21.0
fog-json,
fog-xml,0.0.1
fog-sakuracloud,1.0.1
fog-core,
fog-json,
fog-serverlove,0.1.2
fog-core,
fog-json,
fog-softlayer,0.4.7
fog-core,
fog-json,
fog-storm_on_demand,0.1.1
fog-core,
fog-json,
fog-terremark,0.1.0
fog-core,
fog-xml,
fog-vmfusion,0.1.0
fission,
fog-core,
fog-voxel,0.1.0
fog-core,
fog-xml,
fog-xml,0.1.2
fog-core,
nokogiri,1.5.11
formatador,0.2.5
hashie,2.0.5
highline,1.6.21
httmultiparty,0.3.16
httparty,0.7.3
mimemagic,
multipart-post,
http-cookie,1.0.2
domain_name,0.5
httparty,0.13.5
json,1.8
multi_xml,0.5.2
httpclient,2.4.0
hula,0.6.9
inflecto,0.0.2
ipaddress,0.8.0
json,1.8.3
json_pure,1.8.2
leita,0.0.9
little-plugger,1.1.3
log4r,1.1.10
logging,1.8.2
little-plugger,1.1.3
multi_json,1.8.4
method_source,0.8.2
mime-types,2.6.1
mimemagic,0.3.0
mini_portile,0.6.2
minitar,0.5.4
multi_json,1.8.4
multi_xml,0.5.5
multipart-post,2.0.0
net-scp,1.1.2
net-ssh,2.6.5
net-ssh,2.9.2
net-ssh-gateway,1.2.0
net-ssh,2.6.5
netaddr,1.5.0
netrc,0.10.3
nokogiri,1.6.6.2
mini_portile,0.6.0
open4,1.3.4
pipeline,0.5.9
aws-sdk,
bosh_cli,
fetch_artefact,0.5.0
leita,
prof,0.9.2
rake,
vara,0.12.0
voxtur,0.2.0
poltergeist,1.6.0
capybara,2.1
cliver,0.3.1
multi_json,1.0
websocket-driver,0.2.0
product_metadata_tasks,0.0.3
httparty,0
prof,0.26.10
bosh_cli,1.2534
capybara,
capybara-webkit,
cf-uaa-lib,3.1.0
ci_reporter,
faraday,
faraday_middleware,
httmultiparty,
hula,0.6.9
net-ssh-gateway,
nokogiri,
poltergeist,
rspec,3.1
rspec_junit_formatter,
rubyzip,1.1
tempest-client,0.6
progressbar,0.9.2
pry,0.10.1
coderay,1.1.0
method_source,0.8.1
slop,3.4
pry-nav,0.2.4
pry,0.9.10
rabbitmq_http_api_client,1.3.0
effin_utf8,1.0.0
faraday,0.9.0
faraday_middleware,0.9.0
hashie,2.0.5
multi_json,1.8.4
rack,1.6.4
rack-test,0.6.3
rack,1.0
rake,10.4.2
rest-client,1.8.0
http-cookie,1.0.2
mime-types,1.16
netrc,0.7
rspec,3.1.0
rspec-core,3.1.0
rspec-expectations,3.1.0
rspec-mocks,3.1.0
rspec-core,3.1.7
rspec-support,3.1.0
rspec-expectations,3.1.2
diff-lcs,1.2.0
rspec-support,3.1.0
rspec-mocks,3.1.3
rspec-support,3.1.0
rspec-support,3.1.2
rspec_junit_formatter,0.2.3
builder,4
rspec-core,2
ruby-atmos-pure,1.0.5
log4r,1.1.9
ruby-hmac,0.4.0
ruby-hmac,0.4.0
rubyzip,1.1.7
semi_semantic,1.1.0
slop,3.6.0
tempest-client,0.7.0
httmultiparty,0.3
terminal-table,1.4.5
thor,0.19.1
unf,0.1.4
unf_ext,
unf_ext,0.0.7.1
vara,0.12.0
open4,
thor,
voxtur,0.2.0
websocket-driver,0.5.4
websocket-extensions,0.1.0
websocket-extensions,0.1.2
xpath,2.0.0
nokogiri,1.3
