actionmailer,4.1.11
actionpack,4.1.11
actionview,4.1.11
mail,2.5.4
actionpack,4.1.11
actionview,4.1.11
activesupport,4.1.11
rack,1.5.2
rack-test,0.6.2
actionview,4.1.11
activesupport,4.1.11
builder,3.1
erubis,2.7.0
activemodel,4.1.11
activesupport,4.1.11
builder,3.1
activerecord,4.1.11
activemodel,4.1.11
activesupport,4.1.11
arel,5.0.0
activesupport,4.1.11
i18n,0.6.9
json,1.7.7
minitest,5.1
thread_safe,0.1
tzinfo,1.1
addressable,2.3.8
arel,5.0.1.20140414130214
awesome_print,1.6.1
builder,3.2.2
capybara,2.4.4
mime-types,1.16
nokogiri,1.3.3
rack,1.0.0
rack-test,0.5.4
xpath,2.0
cf-uaa-lib,2.1.0
multi_json,
clockwork,1.2.0
activesupport,
tzinfo,
coderay,1.1.0
crack,0.4.2
safe_yaml,1.0.0
daemons,1.2.2
database_cleaner,1.4.1
delayed_job,4.0.6
activesupport,3.0
delayed_job_active_record,4.0.3
activerecord,3.0
delayed_job,3.0
diff-lcs,1.2.5
dotenv,2.0.1
dotenv-rails,2.0.1
dotenv,2.0.1
erubis,2.7.0
ethon,0.7.3
ffi,1.3.0
eventmachine,1.0.7
ffi,1.9.8
i18n,0.7.0
jbuilder,2.3.0
activesupport,3.0.0
multi_json,1.2
json,1.8.3
mail,2.6.3
mime-types,1.16
method_source,0.8.2
mime-types,2.6.1
mini_portile,0.6.2
minitest,5.7.0
multi_json,1.11.1
mysql2,0.3.18
nokogiri,1.6.6.2
mini_portile,0.6.0
pry,0.10.1
coderay,1.1.0
method_source,0.8.1
slop,3.4
pry-nav,0.2.4
pry,0.9.10
pry-rails,0.3.4
pry,0.9.10
rack,1.5.4
rack-protection,1.5.3
rack,
rack-test,0.6.3
rack,1.0
rails,4.1.11
actionmailer,4.1.11
actionpack,4.1.11
actionview,4.1.11
activemodel,4.1.11
activerecord,4.1.11
activesupport,4.1.11
bundler,1.3.0
railties,4.1.11
sprockets-rails,2.0
rails_12factor,0.0.3
rails_serve_static_assets,
rails_stdout_logging,
rails_serve_static_assets,0.0.4
rails_stdout_logging,0.0.3
railties,4.1.11
actionpack,4.1.11
activesupport,4.1.11
rake,0.8.7
thor,0.18.1
rake,10.4.2
rdoc,4.2.0
json,1.4
rspec-core,3.3.0
rspec-support,3.3.0
rspec-expectations,3.3.0
diff-lcs,1.2.0
rspec-support,3.3.0
rspec-mocks,3.3.0
diff-lcs,1.2.0
rspec-support,3.3.0
rspec-rails,3.3.1
actionpack,3.0
activesupport,3.0
railties,3.0
rspec-core,3.3.0
rspec-expectations,3.3.0
rspec-mocks,3.3.0
rspec-support,3.3.0
rspec-support,3.3.0
safe_yaml,1.0.4
sdoc,0.4.1
json,1.7.7
rdoc,4.0
sinatra,1.4.6
rack,1.4
rack-protection,1.4
tilt,1.3
slop,3.6.0
sprockets,3.2.0
rack,1.0
sprockets-rails,2.3.1
actionpack,3.0
activesupport,3.0
sprockets,2.8
thin,1.6.3
daemons,1.0.9
eventmachine,1.0
rack,1.0
thor,0.19.1
thread_safe,0.3.5
tilt,2.0.1
timecop,0.7.4
typhoeus,0.7.1
ethon,0.7.1
tzinfo,1.2.2
thread_safe,0.1
webmock,1.21.0
addressable,2.3.6
crack,0.3.2
xpath,2.0.0
nokogiri,1.3
