aws-sdk,1.44.0
json,1.4
nokogiri,1.4.4
blobstore_client,1.2768.0
aws-sdk,1.44.0
bosh_common,1.2768.0
fog,1.23.0
httpclient,2.4.0
multi_json,1.1
ruby-atmos-pure,1.0.5
bosh-template,1.2768.0
semi_semantic,1.1.0
bosh_cli,1.2768.0
blobstore_client,1.2768.0
bosh-template,1.2768.0
bosh_common,1.2768.0
highline,1.6.2
httpclient,2.4.0
json_pure,1.7
minitar,0.5.4
net-scp,1.1.0
net-ssh,2.2.1
net-ssh-gateway,1.2.0
netaddr,1.5.0
progressbar,0.9.0
terminal-table,1.4.3
bosh_common,1.2768.0
logging,1.5.0
semi_semantic,1.1.0
builder,3.2.2
capybara,2.4.4
mime-types,1.16
nokogiri,1.3.3
rack,1.0.0
rack-test,0.5.4
xpath,2.0
cf-uaa-lib,3.1.0
multi_json,
childprocess,0.5.5
ffi,1.0.11
ci_reporter,2.0.0
builder,2.1.2
cliver,0.3.2
diff-lcs,1.2.5
dock_it,0.3.0
excon,0.41.0
faraday,0.9.0
multipart-post,1.2
faraday_middleware,0.9.1
faraday,0.7.4
fetch_artefact,0.4.5
aws-sdk,1.44.0
ffi,1.9.6
fog,1.23.0
fog-brightbox,
fog-core,1.23
fog-json,
fog-softlayer,
ipaddress,0.5
nokogiri,1.5.11
fog-brightbox,0.6.1
fog-core,1.22
fog-json,
inflecto,
fog-core,1.25.0
builder,
excon,0.38
formatador,0.2
mime-types,
net-scp,1.1
net-ssh,2.1.3
fog-json,1.0.0
multi_json,1.0
fog-softlayer,0.3.24
fog-core,
fog-json,
formatador,0.2.5
headless,1.0.2
highline,1.6.21
httmultiparty,0.3.16
httparty,0.7.3
mimemagic,
multipart-post,
httparty,0.13.3
json,1.8
multi_xml,0.5.2
httpclient,2.4.0
hula,0.2.0
inflecto,0.0.2
ipaddress,0.8.0
jenkins_testing,0.4.0
capybara,2.4
headless,
hula,0.2.0
nokogiri,
poltergeist,1.5.1
prof,0.12.0
selenium-webdriver,
json,1.8.1
json_pure,1.8.1
leita,0.0.9
little-plugger,1.1.3
log4r,1.1.10
logging,1.5.2
little-plugger,1.1.2
mime-types,2.4.3
mimemagic,0.2.1
mini_portile,0.6.1
minitar,0.5.4
multi_json,1.10.1
multi_xml,0.5.5
multipart-post,2.0.0
net-scp,1.1.2
net-ssh,2.6.5
net-ssh,2.9.1
net-ssh-gateway,1.2.0
net-ssh,2.6.5
netaddr,1.5.0
nokogiri,1.6.4.1
mini_portile,0.6.0
open4,1.3.4
pipeline,0.1.0
aws-sdk,
bosh_cli,
fetch_artefact,0.4.4
leita,
prof,0.9.2
rake,
vara,
voxtur,
poltergeist,1.5.1
capybara,2.1
cliver,0.3.1
multi_json,1.0
websocket-driver,0.2.0
prof,0.12.1
bosh_cli,1.2534
capybara,
cf-uaa-lib,3.1.0
ci_reporter,
faraday,
faraday_middleware,
httmultiparty,
hula,0.2.0
net-ssh-gateway,
nokogiri,
poltergeist,
rspec,3.1
rspec_junit_formatter,
rubyzip,1.1
tempest-client,0.5.1
progressbar,0.9.2
rack,1.5.2
rack-test,0.6.2
rack,1.0
rake,10.3.2
rspec,3.1.0
rspec-core,3.1.0
rspec-expectations,3.1.0
rspec-mocks,3.1.0
rspec-core,3.1.7
rspec-support,3.1.0
rspec-expectations,3.1.2
diff-lcs,1.2.0
rspec-support,3.1.0
rspec-mocks,3.1.3
rspec-support,3.1.0
rspec-support,3.1.2
rspec_junit_formatter,0.2.0
builder,4
rspec,2
ruby-atmos-pure,1.0.5
log4r,1.1.9
ruby-hmac,0.4.0
ruby-hmac,0.4.0
rubyzip,1.1.6
selenium-webdriver,2.44.0
childprocess,0.5
multi_json,1.0
rubyzip,1.0
websocket,1.0
semi_semantic,1.1.0
tempest-client,0.5.1
httmultiparty,0.3
terminal-table,1.4.5
thor,0.19.1
voxtur,0.1.1
websocket,1.2.1
websocket-driver,0.4.0
xpath,2.0.0
nokogiri,1.3
