aws-sdk,1.44.0
json,1.4
nokogiri,1.4.4
blobstore_client,1.2697.0
aws-sdk,1.44.0
bosh_common,1.2697.0
fog,1.14.0
httpclient,2.4.0
multi_json,1.1
ruby-atmos-pure,1.0.5
bosh-template,1.2697.0
semi_semantic,1.1.0
bosh_cli,1.2697.0
blobstore_client,1.2697.0
bosh-template,1.2697.0
bosh_common,1.2697.0
highline,1.6.2
httpclient,2.4.0
json_pure,1.7
minitar,0.5.4
net-scp,1.1.0
net-ssh,2.2.1
net-ssh-gateway,1.2.0
netaddr,1.5.0
progressbar,0.9.0
terminal-table,1.4.3
bosh_common,1.2697.0
semi_semantic,1.1.0
builder,3.2.2
capybara,2.4.4
mime-types,1.16
nokogiri,1.3.3
rack,1.0.0
rack-test,0.5.4
xpath,2.0
ci_reporter,2.0.0
builder,2.1.2
cliver,0.3.2
continuous_configuration,0.5.1
diffy,
nokogiri,
diff-lcs,1.2.5
diffy,3.0.7
dock_it,0.3.0
excon,0.25.3
faraday,0.9.1
multipart-post,1.2
faraday_middleware,0.9.1
faraday,0.7.4
fetch_artefact,0.5.1
aws-sdk,
fog,1.14.0
builder,
excon,0.25.0
formatador,0.2.0
mime-types,
multi_json,1.0
net-scp,1.1
net-ssh,2.1.3
nokogiri,1.5
ruby-hmac,
formatador,0.2.5
highline,1.6.21
httmultiparty,0.3.16
httparty,0.7.3
mimemagic,
multipart-post,
httparty,0.13.5
json,1.8
multi_xml,0.5.2
httpclient,2.4.0
hula,0.1.19
json,1.8.2
json_pure,1.8.2
leita,0.0.9
log4r,1.1.10
mime-types,2.4.3
mimemagic,0.3.0
mini_portile,0.6.2
minitar,0.5.4
multi_json,1.11.0
multi_xml,0.5.5
multipart-post,2.0.0
net-scp,1.1.2
net-ssh,2.6.5
net-ssh,2.9.2
net-ssh-gateway,1.2.0
net-ssh,2.6.5
netaddr,1.5.0
nokogiri,1.6.6.2
mini_portile,0.6.0
open4,1.3.4
pipeline,0.5.8
aws-sdk,
bosh_cli,
fetch_artefact,0.5.0
leita,
prof,0.9.2
rake,
vara,0.12.0
voxtur,0.2.0
poltergeist,1.6.0
capybara,2.1
cliver,0.3.1
multi_json,1.0
websocket-driver,0.2.0
prof,0.9.14
bosh_cli,1.2534
capybara,
ci_reporter,
faraday,
faraday_middleware,
httmultiparty,
hula,0.1.16
net-ssh-gateway,
nokogiri,
poltergeist,
rspec,3.1
rspec_junit_formatter,
rubyzip,1.1
tempest-client,0.5.1
progressbar,0.9.2
rack,1.6.1
rack-test,0.6.3
rack,1.0
rake,10.4.2
rspec,3.2.0
rspec-core,3.2.0
rspec-expectations,3.2.0
rspec-mocks,3.2.0
rspec-core,3.2.3
rspec-support,3.2.0
rspec-expectations,3.2.1
diff-lcs,1.2.0
rspec-support,3.2.0
rspec-mocks,3.2.1
diff-lcs,1.2.0
rspec-support,3.2.0
rspec-support,3.2.2
rspec_junit_formatter,0.2.3
builder,4
rspec-core,2
ruby-atmos-pure,1.0.5
log4r,1.1.9
ruby-hmac,0.4.0
ruby-hmac,0.4.0
rubyzip,1.1.7
semi_semantic,1.1.0
tempest-client,0.5.1
httmultiparty,0.3
terminal-table,1.4.5
thor,0.19.1
vara,0.12.0
open4,
thor,
voxtur,0.2.0
websocket-driver,0.5.4
websocket-extensions,0.1.0
websocket-extensions,0.1.2
xpath,2.0.0
nokogiri,1.3
