CFPropertyList,2.3.1
addressable,2.3.7
ast,2.0.0
aws-sdk,1.60.2
aws-sdk-v1,1.60.2
aws-sdk-v1,1.60.2
json,1.4
nokogiri,1.4.4
backports,3.6.4
bcrypt-ruby,3.0.1
blue-shell,0.3.0
rspec,
bosh_vcloud_cpi,0.7.7
bosh_common,
bosh_cpi,
builder,3.1.4
httpclient,2.4.0
membrane,
nokogiri,1.6.6
rest-client,1.6.7
yajl-ruby,0.8.2
builder,3.1.4
cf-uaa-lib,3.2.1
multi_json,
codeclimate-test-reporter,0.3.0
simplecov,0.7.1
coderay,1.1.0
crack,0.4.2
safe_yaml,1.0.0
daemons,1.1.9
diff-lcs,1.2.5
docile,1.1.5
dogapi,1.6.0
json,1.5.1
em-http-request,0.3.0
addressable,2.0.0
escape_utils,
eventmachine,0.12.9
escape_utils,1.1.0
eventmachine,1.0.3
excon,0.45.3
fakefs,0.6.7
ffi,1.9.8
fission,0.5.0
CFPropertyList,2.2
fog,1.27.0
fog-atmos,
fog-aws,0.0
fog-brightbox,0.4
fog-core,1.27.3
fog-ecloud,
fog-json,
fog-profitbricks,
fog-radosgw,0.0.2
fog-sakuracloud,0.0.4
fog-serverlove,
fog-softlayer,
fog-storm_on_demand,
fog-terremark,
fog-vmfusion,
fog-voxel,
fog-xml,0.1.1
ipaddress,0.5
nokogiri,1.5.11
fog-atmos,0.1.0
fog-core,
fog-xml,
fog-aws,0.0.7
fog-core,1.27
fog-json,1.0
fog-xml,0.1
ipaddress,0.8
fog-brightbox,0.7.1
fog-core,1.22
fog-json,
inflecto,0.0.2
fog-core,1.30.0
builder,
excon,0.45
formatador,0.2
mime-types,
net-scp,1.1
net-ssh,2.1.3
fog-ecloud,0.1.1
fog-core,
fog-xml,
fog-json,1.0.1
fog-core,1.0
multi_json,1.0
fog-profitbricks,0.0.2
fog-core,
fog-xml,
nokogiri,
fog-radosgw,0.0.4
fog-core,1.21.0
fog-json,
fog-xml,0.0.1
fog-sakuracloud,1.0.1
fog-core,
fog-json,
fog-serverlove,0.1.2
fog-core,
fog-json,
fog-softlayer,0.4.6
fog-core,
fog-json,
fog-storm_on_demand,0.1.1
fog-core,
fog-json,
fog-terremark,0.1.0
fog-core,
fog-xml,
fog-vmfusion,0.1.0
fission,
fog-core,
fog-voxel,0.1.0
fog-core,
fog-xml,
fog-xml,0.1.2
fog-core,
nokogiri,1.5.11
formatador,0.2.5
gibberish,1.4.0
highline,1.6.21
httpclient,2.4.0
inflecto,0.0.2
ipaddress,0.8.0
json,1.7.7
json_pure,1.8.1
little-plugger,1.1.3
log4r,1.1.10
logging,1.8.2
little-plugger,1.1.3
multi_json,1.8.4
machinist,1.0.6
membrane,1.1.0
method_source,0.8.2
mime-types,2.3
mini_portile,0.6.2
minitar,0.5.4
mono_logger,1.1.0
multi_json,1.11.1
mysql2,0.3.11
nats,0.5.0.beta.12
daemons,1.1.9
eventmachine,1.0.3
json_pure,1.8.0
thin,1.5.0
net-scp,1.1.2
net-ssh,2.6.5
net-ssh,2.9.1
net-ssh-gateway,1.2.0
net-ssh,2.6.5
netaddr,1.5.0
nokogiri,1.6.6.2
mini_portile,0.6.0
parallel,0.9.2
parallel_tests,1.0.3
parallel,
parser,2.1.9
ast,1.1
slop,3.4.5
peach,0.5.1
pg,0.15.1
powerpack,0.0.9
progressbar,0.9.2
pry,0.10.1
coderay,1.1.0
method_source,0.8.1
slop,3.4
rack,1.6.0
rack-protection,1.5.3
rack,
rack-test,0.6.2
rack,1.0
rainbow,2.0.0
rake,10.3.2
redis,3.0.3
redis-namespace,1.3.1
redis,3.0.0
resque,1.25.2
mono_logger,1.0
multi_json,1.0
redis-namespace,1.3
sinatra,0.9.2
vegas,0.1.2
resque-backtrace,0.0.1
resque,1.0
rest-client,1.6.7
mime-types,1.16
rspec,3.0.0
rspec-core,3.0.0
rspec-expectations,3.0.0
rspec-mocks,3.0.0
rspec-core,3.0.4
rspec-support,3.0.0
rspec-expectations,3.0.4
diff-lcs,1.2.0
rspec-support,3.0.0
rspec-instafail,0.2.6
rspec,
rspec-its,1.0.1
rspec-core,2.99.0.beta1
rspec-expectations,2.99.0.beta1
rspec-mocks,3.0.4
rspec-support,3.0.0
rspec-support,3.0.4
rubocop,0.23.0
json,1.7.7
parser,2.1.9
powerpack,0.0.6
rainbow,1.99.1
ruby-progressbar,1.4
ruby-atmos-pure,1.0.5
log4r,1.1.9
ruby-hmac,0.4.0
ruby-hmac,0.4.0
ruby-progressbar,1.5.1
ruby_vcloud_sdk,0.7.1
builder,3.1.4
httpclient,2.4.0
netaddr,
nokogiri,1.5.6
rest-client,1.6.7
rufus-scheduler,2.0.24
tzinfo,0.3.22
rugged,0.19.0
safe_yaml,1.0.4
semi_semantic,1.1.0
sequel,3.43.0
serverspec,0.15.4
highline,
net-ssh,
rspec,2.13.0
specinfra,0.7.1
simplecov,0.9.2
docile,1.1.0
multi_json,1.0
simplecov-html,0.9.0
simplecov-html,0.9.0
sinatra,1.4.5
rack,1.4
rack-protection,1.4
tilt,1.3.4
sinatra-contrib,1.4.2
backports,2.0
multi_json,
rack-protection,
rack-test,
sinatra,1.4.0
tilt,1.3
slop,3.5.0
specinfra,1.15.0
sqlite3,1.3.7
sys-filesystem,1.1.4
ffi,
terminal-table,1.4.5
thin,1.5.1
daemons,1.0.9
eventmachine,0.12.6
rack,1.0.0
thread_safe,0.3.5
tilt,1.4.1
timecop,0.7.3
trollop,1.16.2
tzinfo,1.2.2
thread_safe,0.1
vcr,2.9.3
vegas,0.1.11
rack,1.0.0
webmock,1.20.4
addressable,2.3.6
crack,0.3.2
yajl-ruby,1.2.1
