aws-sdk,1.44.0
json,1.4
nokogiri,1.4.4
blobstore_client,1.2751.0
aws-sdk,1.44.0
bosh_common,1.2751.0
fog,1.23.0
httpclient,2.4.0
multi_json,1.1
ruby-atmos-pure,1.0.5
bosh-template,1.2751.0
semi_semantic,1.1.0
bosh_cli,1.2751.0
blobstore_client,1.2751.0
bosh-template,1.2751.0
bosh_common,1.2751.0
highline,1.6.2
httpclient,2.4.0
json_pure,1.7
minitar,0.5.4
net-scp,1.1.0
net-ssh,2.2.1
net-ssh-gateway,1.2.0
netaddr,1.5.0
progressbar,0.9.0
terminal-table,1.4.3
bosh_common,1.2751.0
semi_semantic,1.1.0
builder,3.2.2
excon,0.40.0
fog,1.23.0
fog-brightbox,
fog-core,1.23
fog-json,
fog-softlayer,
ipaddress,0.5
nokogiri,1.5.11
fog-brightbox,0.6.1
fog-core,1.22
fog-json,
inflecto,
fog-core,1.24.0
builder,
excon,0.38
formatador,0.2
mime-types,
net-scp,1.1
net-ssh,2.1.3
fog-json,1.0.0
multi_json,1.0
fog-softlayer,0.3.23
fog-core,
fog-json,
formatador,0.2.5
highline,1.6.21
httpclient,2.4.0
inflecto,0.0.2
ipaddress,0.8.0
json,1.8.1
json_pure,1.8.1
log4r,1.1.10
mime-types,2.4.3
mini_portile,0.6.0
minitar,0.5.4
multi_json,1.10.1
net-scp,1.1.2
net-ssh,2.6.5
net-ssh,2.9.1
net-ssh-gateway,1.2.0
net-ssh,2.6.5
netaddr,1.5.0
nokogiri,1.6.3.1
mini_portile,0.6.0
progressbar,0.9.2
ruby-atmos-pure,1.0.5
log4r,1.1.9
ruby-hmac,0.4.0
ruby-hmac,0.4.0
semi_semantic,1.1.0
terminal-table,1.4.5
