CFPropertyList,2.3.1
ast,2.0.0
astrolabe,1.3.1
parser,2.2
aws-sdk-v1,1.64.0
json,1.4
nokogiri,1.4.4
builder,3.2.2
capybara,2.4.4
mime-types,1.16
nokogiri,1.3.3
rack,1.0.0
rack-test,0.5.4
xpath,2.0
capybara-webkit,1.6.0
capybara,2.3.0
json,
childprocess,0.5.6
ffi,1.0.11
diff-lcs,1.2.5
domain_name,0.5.24
unf,0.0.5
excon,0.45.4
ffi,1.9.10
fission,0.5.0
CFPropertyList,2.2
fog,1.32.0
fog-atmos,
fog-aws,0.6.0
fog-brightbox,0.4
fog-core,1.32
fog-ecloud,0.1.1
fog-google,0.0.2
fog-json,
fog-local,
fog-powerdns,0.1.1
fog-profitbricks,
fog-radosgw,0.0.2
fog-riakcs,
fog-sakuracloud,0.0.4
fog-serverlove,
fog-softlayer,
fog-storm_on_demand,
fog-terremark,
fog-vmfusion,
fog-voxel,
fog-xml,0.1.1
ipaddress,0.5
nokogiri,1.5.11
fog-atmos,0.1.0
fog-core,
fog-xml,
fog-aws,0.7.3
fog-core,1.27
fog-json,1.0
fog-xml,0.1
ipaddress,0.8
fog-brightbox,0.7.2
fog-core,1.22
fog-json,
inflecto,0.0.2
fog-core,1.32.0
builder,
excon,0.45
formatador,0.2
mime-types,
net-scp,1.1
net-ssh,2.1.3
fog-ecloud,0.1.1
fog-core,
fog-xml,
fog-google,0.0.7
fog-core,
fog-json,
fog-xml,
fog-json,1.0.2
fog-core,1.0
multi_json,1.10
fog-local,0.2.1
fog-core,1.27
fog-powerdns,0.1.1
fog-core,1.27
fog-json,1.0
fog-xml,0.1
fog-profitbricks,0.0.3
fog-core,
fog-xml,
nokogiri,
fog-radosgw,0.0.4
fog-core,1.21.0
fog-json,
fog-xml,0.0.1
fog-riakcs,0.1.0
fog-core,
fog-json,
fog-xml,
fog-sakuracloud,1.0.1
fog-core,
fog-json,
fog-serverlove,0.1.2
fog-core,
fog-json,
fog-softlayer,0.4.7
fog-core,
fog-json,
fog-storm_on_demand,0.1.1
fog-core,
fog-json,
fog-terremark,0.1.0
fog-core,
fog-xml,
fog-vmfusion,0.1.0
fission,
fog-core,
fog-voxel,0.1.0
fog-core,
fog-xml,
fog-xml,0.1.2
fog-core,
nokogiri,1.5.11
formatador,0.2.5
http-cookie,1.0.2
domain_name,0.5
httpclient,2.6.0.1
inflecto,0.0.2
ipaddress,0.8.0
json,1.8.3
mime-types,2.6.1
mini_portile,0.6.2
multi_json,1.11.2
mustache,1.0.2
mysql2,0.3.18
net-scp,1.2.1
net-ssh,2.6.5
net-ssh,2.9.2
net-ssh-gateway,1.2.0
net-ssh,2.6.5
netaddr,1.5.0
netrc,0.10.3
nokogiri,1.6.6.2
mini_portile,0.6.0
ops_manager_ui_drivers,0.9.7
capybara,
capybara-webkit,
selenium-webdriver,
parser,2.2.2.6
ast,1.1
powerpack,0.1.1
rack,1.6.4
rack-test,0.6.3
rack,1.0
rainbow,2.0.0
rake,10.4.2
rbvmomi,1.8.2
builder,
nokogiri,1.4.1
trollop,
recursive-open-struct,0.5.0
rest-client,1.8.0
http-cookie,1.0.2
mime-types,1.16
netrc,0.7
rspec,3.3.0
rspec-core,3.3.0
rspec-expectations,3.3.0
rspec-mocks,3.3.0
rspec-core,3.3.1
rspec-support,3.3.0
rspec-expectations,3.3.0
diff-lcs,1.2.0
rspec-support,3.3.0
rspec-mocks,3.3.1
diff-lcs,1.2.0
rspec-support,3.3.0
rspec-support,3.3.0
rubocop,0.32.1
astrolabe,1.3
parser,2.2.2.5
powerpack,0.1
rainbow,1.99.1
ruby-progressbar,1.4
ruby-progressbar,1.7.5
ruby_vcloud_sdk,0.7.2
builder,3.1
httpclient,2.4.0
netaddr,
nokogiri,1.5.6
rest-client,1.6.7
rubyzip,1.1.7
selenium-webdriver,2.46.2
childprocess,0.5
multi_json,1.0
rubyzip,1.0
websocket,1.0
trollop,2.1.2
unf,0.1.4
unf_ext,
unf_ext,0.0.7.1
vm_shepherd,1.9.1
aws-sdk-v1,
fog,
rbvmomi,
ruby_vcloud_sdk,0.7.2
websocket,1.2.2
xpath,2.0.0
nokogiri,1.3
